2024-09-28 01:20:59,343 - INFO - D:\Project\E-commerce\BackEnd\ecommerce\backend\views.py changed, reloading.
2024-09-28 01:21:06,233 - INFO - D:\Project\E-commerce\BackEnd\ecommerce\backend\views.py changed, reloading.
2024-09-28 01:21:17,275 - INFO - D:\Project\E-commerce\BackEnd\ecommerce\backend\views.py changed, reloading.
2024-09-28 01:21:20,045 - INFO - D:\Project\E-commerce\BackEnd\ecommerce\backend\views.py changed, reloading.
2024-09-28 01:21:25,903 - INFO - D:\Project\E-commerce\BackEnd\ecommerce\backend\views.py changed, reloading.
2024-09-28 01:21:28,646 - INFO - D:\Project\E-commerce\BackEnd\ecommerce\backend\views.py changed, reloading.
2024-09-28 01:21:31,401 - INFO - D:\Project\E-commerce\BackEnd\ecommerce\backend\views.py changed, reloading.
2024-09-28 01:21:34,183 - INFO - D:\Project\E-commerce\BackEnd\ecommerce\backend\views.py changed, reloading.
2024-09-28 01:21:36,932 - INFO - D:\Project\E-commerce\BackEnd\ecommerce\backend\views.py changed, reloading.
2024-09-28 01:21:40,725 - INFO - D:\Project\E-commerce\BackEnd\ecommerce\backend\views.py changed, reloading.
2024-09-28 01:21:44,543 - INFO - D:\Project\E-commerce\BackEnd\ecommerce\backend\views.py changed, reloading.
2024-09-28 01:21:47,309 - INFO - D:\Project\E-commerce\BackEnd\ecommerce\backend\views.py changed, reloading.
2024-09-28 01:21:51,105 - INFO - D:\Project\E-commerce\BackEnd\ecommerce\backend\views.py changed, reloading.
2024-09-28 01:21:55,946 - INFO - D:\Project\E-commerce\BackEnd\ecommerce\backend\views.py changed, reloading.
2024-09-28 01:22:14,218 - INFO - D:\Project\E-commerce\BackEnd\ecommerce\backend\views.py changed, reloading.
2024-09-28 01:22:23,177 - INFO - D:\Project\E-commerce\BackEnd\ecommerce\backend\views.py changed, reloading.
2024-09-28 01:22:28,490 - INFO - D:\Project\E-commerce\BackEnd\ecommerce\backend\views.py changed, reloading.
2024-09-28 01:22:30,226 - INFO - D:\Project\E-commerce\BackEnd\ecommerce\backend\views.py changed, reloading.
2024-09-28 01:22:31,950 - INFO - D:\Project\E-commerce\BackEnd\ecommerce\backend\views.py changed, reloading.
2024-09-28 01:22:36,811 - INFO - D:\Project\E-commerce\BackEnd\ecommerce\backend\views.py changed, reloading.
2024-09-28 01:22:38,524 - INFO - D:\Project\E-commerce\BackEnd\ecommerce\backend\views.py changed, reloading.
2024-09-28 01:23:10,187 - INFO - D:\Project\E-commerce\BackEnd\ecommerce\backend\views.py changed, reloading.
2024-09-28 01:23:14,485 - INFO - D:\Project\E-commerce\BackEnd\ecommerce\backend\views.py changed, reloading.
2024-09-28 01:23:18,290 - INFO - D:\Project\E-commerce\BackEnd\ecommerce\backend\views.py changed, reloading.
2024-09-28 01:23:23,106 - INFO - D:\Project\E-commerce\BackEnd\ecommerce\backend\views.py changed, reloading.
2024-09-28 01:23:37,247 - INFO - D:\Project\E-commerce\BackEnd\ecommerce\backend\views.py changed, reloading.
2024-09-28 01:23:48,286 - INFO - D:\Project\E-commerce\BackEnd\ecommerce\backend\views.py changed, reloading.
2024-09-28 01:23:55,187 - INFO - D:\Project\E-commerce\BackEnd\ecommerce\backend\views.py changed, reloading.
2024-09-28 01:23:57,927 - INFO - D:\Project\E-commerce\BackEnd\ecommerce\backend\views.py changed, reloading.
2024-09-28 01:24:00,692 - INFO - D:\Project\E-commerce\BackEnd\ecommerce\backend\views.py changed, reloading.
2024-09-28 01:24:12,768 - INFO - D:\Project\E-commerce\BackEnd\ecommerce\backend\views.py changed, reloading.
2024-09-28 01:24:14,505 - INFO - D:\Project\E-commerce\BackEnd\ecommerce\backend\views.py changed, reloading.
2024-09-28 01:24:26,562 - INFO - D:\Project\E-commerce\BackEnd\ecommerce\backend\views.py changed, reloading.
2024-09-28 01:24:35,548 - INFO - D:\Project\E-commerce\BackEnd\ecommerce\backend\views.py changed, reloading.
2024-09-28 01:24:40,389 - INFO - D:\Project\E-commerce\BackEnd\ecommerce\backend\views.py changed, reloading.
2024-09-28 01:24:48,322 - INFO - D:\Project\E-commerce\BackEnd\ecommerce\backend\views.py changed, reloading.
2024-09-28 01:25:20,061 - INFO - D:\Project\E-commerce\BackEnd\ecommerce\backend\views.py changed, reloading.
2024-09-28 01:25:29,022 - INFO - D:\Project\E-commerce\BackEnd\ecommerce\backend\views.py changed, reloading.
2024-09-28 01:25:32,828 - INFO - D:\Project\E-commerce\BackEnd\ecommerce\backend\views.py changed, reloading.
2024-09-28 01:25:38,677 - INFO - D:\Project\E-commerce\BackEnd\ecommerce\backend\views.py changed, reloading.
2024-09-28 01:25:40,399 - INFO - D:\Project\E-commerce\BackEnd\ecommerce\backend\views.py changed, reloading.
2024-09-28 01:25:42,116 - INFO - D:\Project\E-commerce\BackEnd\ecommerce\backend\views.py changed, reloading.
2024-09-28 01:25:43,835 - INFO - D:\Project\E-commerce\BackEnd\ecommerce\backend\views.py changed, reloading.
2024-09-28 01:25:51,503 - INFO - data Fetched
2024-09-28 01:25:51,507 - INFO - data Fetched
2024-09-28 01:26:36,708 - INFO - data Fetched
2024-09-28 01:26:36,711 - INFO - data Fetched
2024-09-28 01:27:22,015 - INFO - D:\Project\E-commerce\BackEnd\ecommerce\backend\views.py changed, reloading.
2024-09-28 01:27:25,825 - INFO - D:\Project\E-commerce\BackEnd\ecommerce\backend\views.py changed, reloading.
2024-09-28 01:27:29,608 - INFO - D:\Project\E-commerce\BackEnd\ecommerce\backend\views.py changed, reloading.
2024-09-28 01:27:35,969 - INFO - D:\Project\E-commerce\BackEnd\ecommerce\backend\views.py changed, reloading.
2024-09-28 01:27:52,786 - INFO - data Fetched
2024-09-28 01:27:52,790 - INFO - data Fetched
2024-09-28 01:27:54,288 - INFO - data Fetched-{'id': 1, 'image_url': 'http://127.0.0.1:8000/media/product/1697552300401-modified_GePuQi5.png', 'title': 'testadadad', 'price': 12, 'description': 'afsfaf', 'image': '/media/product/1697552300401-modified_GePuQi5.png', 'category': 1}
2024-09-28 01:28:26,955 - ERROR - No data found , HTTP_404_NOT_FOUND
2024-09-28 01:28:26,972 - WARNING - Not Found: /product/list/15/
2024-09-28 01:28:33,229 - INFO - data Fetched-{'id': 1, 'image_url': 'http://127.0.0.1:8000/media/product/1697552300401-modified_GePuQi5.png', 'title': 'testadadad', 'price': 12, 'description': 'afsfaf', 'image': '/media/product/1697552300401-modified_GePuQi5.png', 'category': 1}
2024-09-28 01:28:36,630 - INFO - data deleted- Product object (None)
2024-09-28 01:29:47,861 - INFO - D:\Project\E-commerce\BackEnd\ecommerce\backend\views.py changed, reloading.
2024-09-28 01:30:17,578 - INFO - data Fetched
2024-09-28 01:30:26,841 - ERROR - No data found , HTTP_404_NOT_FOUND
2024-09-28 01:30:26,844 - WARNING - Not Found: /product/list/1/
2024-09-28 01:30:46,239 - ERROR - No data found , HTTP_404_NOT_FOUND
2024-09-28 01:30:54,401 - ERROR - Internal Server Error: /product/list/1/
Traceback (most recent call last):
  File "D:\Project\E-commerce\BackEnd\env\Lib\site-packages\django\core\handlers\exception.py", line 55, in inner
    response = get_response(request)
               ^^^^^^^^^^^^^^^^^^^^^
  File "D:\Project\E-commerce\BackEnd\env\Lib\site-packages\django\core\handlers\base.py", line 197, in _get_response
    response = wrapped_callback(request, *callback_args, **callback_kwargs)
               ^^^^^^^^^^^^^^^^^^^^^^^^^^^^^^^^^^^^^^^^^^^^^^^^^^^^^^^^^^^^
  File "D:\Project\E-commerce\BackEnd\env\Lib\site-packages\django\views\decorators\csrf.py", line 65, in _view_wrapper
    return view_func(request, *args, **kwargs)
           ^^^^^^^^^^^^^^^^^^^^^^^^^^^^^^^^^^^
  File "D:\Project\E-commerce\BackEnd\env\Lib\site-packages\django\views\generic\base.py", line 104, in view
    return self.dispatch(request, *args, **kwargs)
           ^^^^^^^^^^^^^^^^^^^^^^^^^^^^^^^^^^^^^^^
  File "D:\Project\E-commerce\BackEnd\env\Lib\site-packages\rest_framework\views.py", line 509, in dispatch
    response = self.handle_exception(exc)
               ^^^^^^^^^^^^^^^^^^^^^^^^^^
  File "D:\Project\E-commerce\BackEnd\env\Lib\site-packages\rest_framework\views.py", line 469, in handle_exception
    self.raise_uncaught_exception(exc)
  File "D:\Project\E-commerce\BackEnd\env\Lib\site-packages\rest_framework\views.py", line 480, in raise_uncaught_exception
    raise exc
  File "D:\Project\E-commerce\BackEnd\env\Lib\site-packages\rest_framework\views.py", line 506, in dispatch
    response = handler(request, *args, **kwargs)
               ^^^^^^^^^^^^^^^^^^^^^^^^^^^^^^^^^
  File "D:\Project\E-commerce\BackEnd\ecommerce\backend\views.py", line 53, in put
    product=Product.objects.get(pk=pk)
            ^^^^^^^^^^^^^^^^^^^^^^^^^^
  File "D:\Project\E-commerce\BackEnd\env\Lib\site-packages\django\db\models\manager.py", line 87, in manager_method
    return getattr(self.get_queryset(), name)(*args, **kwargs)
           ^^^^^^^^^^^^^^^^^^^^^^^^^^^^^^^^^^^^^^^^^^^^^^^^^^^
  File "D:\Project\E-commerce\BackEnd\env\Lib\site-packages\django\db\models\query.py", line 649, in get
    raise self.model.DoesNotExist(
backend.models.Product.DoesNotExist: Product matching query does not exist.
2024-09-28 01:31:13,714 - INFO - D:\Project\E-commerce\BackEnd\ecommerce\backend\views.py changed, reloading.
2024-09-28 01:31:17,522 - INFO - D:\Project\E-commerce\BackEnd\ecommerce\backend\views.py changed, reloading.
2024-09-28 01:31:19,280 - INFO - D:\Project\E-commerce\BackEnd\ecommerce\backend\views.py changed, reloading.
2024-09-28 01:31:21,016 - INFO - D:\Project\E-commerce\BackEnd\ecommerce\backend\views.py changed, reloading.
2024-09-28 01:31:47,013 - INFO - D:\Project\E-commerce\BackEnd\ecommerce\backend\views.py changed, reloading.
2024-09-28 01:31:50,793 - INFO - D:\Project\E-commerce\BackEnd\ecommerce\backend\views.py changed, reloading.
2024-09-28 01:31:54,572 - INFO - D:\Project\E-commerce\BackEnd\ecommerce\backend\views.py changed, reloading.
2024-09-28 01:31:58,353 - INFO - D:\Project\E-commerce\BackEnd\ecommerce\backend\views.py changed, reloading.
2024-09-28 01:32:00,074 - INFO - D:\Project\E-commerce\BackEnd\ecommerce\backend\views.py changed, reloading.
2024-09-28 01:32:03,870 - INFO - D:\Project\E-commerce\BackEnd\ecommerce\backend\views.py changed, reloading.
2024-09-28 01:32:07,662 - INFO - D:\Project\E-commerce\BackEnd\ecommerce\backend\views.py changed, reloading.
2024-09-28 01:32:19,739 - INFO - D:\Project\E-commerce\BackEnd\ecommerce\backend\views.py changed, reloading.
2024-09-28 01:32:43,724 - INFO - D:\Project\E-commerce\BackEnd\ecommerce\backend\views.py changed, reloading.
2024-09-28 01:32:48,529 - INFO - D:\Project\E-commerce\BackEnd\ecommerce\backend\views.py changed, reloading.
2024-09-28 01:33:29,932 - INFO - D:\Project\E-commerce\BackEnd\ecommerce\backend\views.py changed, reloading.
2024-09-28 01:33:31,673 - INFO - D:\Project\E-commerce\BackEnd\ecommerce\backend\views.py changed, reloading.
2024-09-28 01:34:04,670 - ERROR - No data found , HTTP_404_NOT_FOUND
2024-09-28 01:34:04,688 - WARNING - Not Found: /product/list/1/
2024-09-28 01:34:07,662 - ERROR - No data found , HTTP_404_NOT_FOUND
2024-09-28 01:34:27,779 - INFO - D:\Project\E-commerce\BackEnd\ecommerce\backend\views.py changed, reloading.
2024-09-28 01:34:30,540 - INFO - D:\Project\E-commerce\BackEnd\ecommerce\backend\views.py changed, reloading.
2024-09-28 01:34:36,421 - INFO - D:\Project\E-commerce\BackEnd\ecommerce\backend\views.py changed, reloading.
2024-09-28 01:34:39,192 - INFO - D:\Project\E-commerce\BackEnd\ecommerce\backend\views.py changed, reloading.
2024-09-28 01:34:49,196 - INFO - D:\Project\E-commerce\BackEnd\ecommerce\backend\views.py changed, reloading.
2024-09-28 01:34:54,220 - ERROR - No data found , HTTP_404_NOT_FOUND
2024-09-28 01:34:54,237 - WARNING - Not Found: /product/list/1/
2024-09-28 01:34:57,802 - ERROR - Can not Update the data, HTTP_404_NOT_FOUND
